<?xml version="1.0" encoding="UTF-8"?><testsuite name="nosetests" tests="7" errors="0" failures="0" skip="0"><testcase classname="test.binary_tree_test.Test_BinaryTree" name="test_find_leaf_with_sum" time="0.002"></testcase><testcase classname="test.binary_tree_test.Test_BinaryTree" name="test_tree_iterable" time="0.001"></testcase><testcase classname="test.binary_tree_test.Test_BinaryTree" name="test_tree_walk" time="0.001"></testcase><testcase classname="test.binary_tree_test.Test_BinaryTree" name="test_with_deque" time="0.001"></testcase><testcase classname="test.binary_tree_test.Test_TreeNode" name="test_treenode" time="0.000"></testcase><testcase classname="test.binary_tree_test.Test_TreeNode" name="test_treenode_root" time="0.000"></testcase><testcase classname="test.binary_tree_test.Test_TreeNode" name="test_value_set" time="0.000"></testcase></testsuite>